-------------------------------------------------------------------------------
Test set: com.javatechie.ProductServiceApplicationTests
-------------------------------------------------------------------------------
Tests run: 1, Failures: 0, Errors: 1, Skipped: 0, Time elapsed: 0.843 s <<< FAILURE! - in com.javatechie.ProductServiceApplicationTests
com.javatechie.ProductServiceApplicationTests  Time elapsed: 0.84 s  <<< ERROR!
java.lang.IllegalStateException: Unable to find a @SpringBootConfiguration, you need to use @ContextConfiguration or @SpringBootTest(classes=...) with your test

